CRITICAL - 2024-08-21 23:05:43 --> Undefined property: CodeIgniter\View\View::$Endsection
in APPPATH\Views\produtos.php on line 6.
 1 APPPATH\Views\produtos.php(6): CodeIgniter\Debug\Exceptions->errorHandler(2, 'Undefined property: CodeIgniter\\View\\View::$Endsection', 'C:\\xampp\\htdocs\\projetoBase\\app\\Views\\produtos.php', 6)
 2 SYSTEMPATH\View\View.php(213): include('C:\\xampp\\htdocs\\projetoBase\\app\\Views\\produtos.php')
 3 SYSTEMPATH\View\View.php(216): CodeIgniter\View\View->CodeIgniter\View\{closure}()
 4 SYSTEMPATH\Common.php(1184): CodeIgniter\View\View->render('produtos', [], true)
 5 APPPATH\Controllers\Parametro.php(27): view('produtos')
 6 SYSTEMPATH\CodeIgniter.php(934): App\Controllers\Parametro->produtos()
 7 SYSTEMPATH\CodeIgniter.php(499): CodeIgniter\CodeIgniter->runController(Object(App\Controllers\Parametro))
 8 SYSTEMPATH\CodeIgniter.php(368): CodeIgniter\CodeIgniter->handleRequest(null, Object(Config\Cache), false)
 9 FCPATH\index.php(67): CodeIgniter\CodeIgniter->run()
CRITICAL - 2024-08-21 23:06:53 --> Undefined property: CodeIgniter\View\View::$endSection
in APPPATH\Views\produtos.php on line 7.
 1 APPPATH\Views\produtos.php(7): CodeIgniter\Debug\Exceptions->errorHandler(2, 'Undefined property: CodeIgniter\\View\\View::$endSection', 'C:\\xampp\\htdocs\\projetoBase\\app\\Views\\produtos.php', 7)
 2 SYSTEMPATH\View\View.php(213): include('C:\\xampp\\htdocs\\projetoBase\\app\\Views\\produtos.php')
 3 SYSTEMPATH\View\View.php(216): CodeIgniter\View\View->CodeIgniter\View\{closure}()
 4 SYSTEMPATH\Common.php(1184): CodeIgniter\View\View->render('produtos', [], true)
 5 APPPATH\Controllers\Parametro.php(27): view('produtos')
 6 SYSTEMPATH\CodeIgniter.php(934): App\Controllers\Parametro->produtos()
 7 SYSTEMPATH\CodeIgniter.php(499): CodeIgniter\CodeIgniter->runController(Object(App\Controllers\Parametro))
 8 SYSTEMPATH\CodeIgniter.php(368): CodeIgniter\CodeIgniter->handleRequest(null, Object(Config\Cache), false)
 9 FCPATH\index.php(67): CodeIgniter\CodeIgniter->run()
